<?xml version="1.0" encoding="UTF-8"?>
<testsuite xmlns:xsi="http://www.w3.org/2001/XMLSchema-instance" xsi:noNamespaceSchemaLocation="https://maven.apache.org/surefire/maven-surefire-plugin/xsd/surefire-test-report.xsd" name="PersonTest" time="1.127" tests="6" errors="0" skipped="0" failures="3">
  <properties>
    <property name="java.specification.version" value="18"/>
    <property name="sun.cpu.isalist" value="amd64"/>
    <property name="sun.jnu.encoding" value="Cp1251"/>
    <property name="java.class.path" value="C:\Users\tester\IdeaProjects\Modul30Final\target\test-classes;C:\Users\tester\IdeaProjects\Modul30Final\target\classes;C:\Users\tester\.m2\repository\org\testng\testng\7.6.0\testng-7.6.0.jar;C:\Users\tester\.m2\repository\com\google\code\findbugs\jsr305\3.0.2\jsr305-3.0.2.jar;C:\Users\tester\.m2\repository\org\slf4j\slf4j-api\1.7.36\slf4j-api-1.7.36.jar;C:\Users\tester\.m2\repository\com\beust\jcommander\1.82\jcommander-1.82.jar;C:\Users\tester\.m2\repository\org\webjars\jquery\3.6.0\jquery-3.6.0.jar;C:\Users\tester\.m2\repository\org\codehaus\groovy\groovy\3.0.11\groovy-3.0.11.jar;C:\Users\tester\.m2\repository\org\codehaus\groovy\groovy-ant\3.0.11\groovy-ant-3.0.11.jar;C:\Users\tester\.m2\repository\org\apache\ant\ant\1.10.12\ant-1.10.12.jar;C:\Users\tester\.m2\repository\org\apache\ant\ant-junit\1.10.12\ant-junit-1.10.12.jar;C:\Users\tester\.m2\repository\org\apache\ant\ant-launcher\1.10.12\ant-launcher-1.10.12.jar;C:\Users\tester\.m2\repository\org\apache\ant\ant-antlr\1.10.12\ant-antlr-1.10.12.jar;C:\Users\tester\.m2\repository\org\codehaus\groovy\groovy-astbuilder\3.0.11\groovy-astbuilder-3.0.11.jar;C:\Users\tester\.m2\repository\org\codehaus\groovy\groovy-cli-picocli\3.0.11\groovy-cli-picocli-3.0.11.jar;C:\Users\tester\.m2\repository\info\picocli\picocli\4.6.1\picocli-4.6.1.jar;C:\Users\tester\.m2\repository\org\codehaus\groovy\groovy-console\3.0.11\groovy-console-3.0.11.jar;C:\Users\tester\.m2\repository\org\codehaus\groovy\groovy-datetime\3.0.11\groovy-datetime-3.0.11.jar;C:\Users\tester\.m2\repository\org\codehaus\groovy\groovy-docgenerator\3.0.11\groovy-docgenerator-3.0.11.jar;C:\Users\tester\.m2\repository\com\thoughtworks\qdox\qdox\1.12.1\qdox-1.12.1.jar;C:\Users\tester\.m2\repository\org\codehaus\groovy\groovy-groovydoc\3.0.11\groovy-groovydoc-3.0.11.jar;C:\Users\tester\.m2\repository\com\github\javaparser\javaparser-core\3.24.2\javaparser-core-3.24.2.jar;C:\Users\tester\.m2\repository\org\codehaus\groovy\groovy-groovysh\3.0.11\groovy-groovysh-3.0.11.jar;C:\Users\tester\.m2\repository\jline\jline\2.14.6\jline-2.14.6.jar;C:\Users\tester\.m2\repository\org\codehaus\groovy\groovy-jmx\3.0.11\groovy-jmx-3.0.11.jar;C:\Users\tester\.m2\repository\org\codehaus\groovy\groovy-json\3.0.11\groovy-json-3.0.11.jar;C:\Users\tester\.m2\repository\org\codehaus\groovy\groovy-jsr223\3.0.11\groovy-jsr223-3.0.11.jar;C:\Users\tester\.m2\repository\org\codehaus\groovy\groovy-macro\3.0.11\groovy-macro-3.0.11.jar;C:\Users\tester\.m2\repository\org\codehaus\groovy\groovy-nio\3.0.11\groovy-nio-3.0.11.jar;C:\Users\tester\.m2\repository\org\codehaus\groovy\groovy-servlet\3.0.11\groovy-servlet-3.0.11.jar;C:\Users\tester\.m2\repository\org\codehaus\groovy\groovy-sql\3.0.11\groovy-sql-3.0.11.jar;C:\Users\tester\.m2\repository\org\codehaus\groovy\groovy-swing\3.0.11\groovy-swing-3.0.11.jar;C:\Users\tester\.m2\repository\org\codehaus\groovy\groovy-templates\3.0.11\groovy-templates-3.0.11.jar;C:\Users\tester\.m2\repository\org\codehaus\groovy\groovy-test\3.0.11\groovy-test-3.0.11.jar;C:\Users\tester\.m2\repository\junit\junit\4.13.2\junit-4.13.2.jar;C:\Users\tester\.m2\repository\org\hamcrest\hamcrest-core\1.3\hamcrest-core-1.3.jar;C:\Users\tester\.m2\repository\org\codehaus\groovy\groovy-test-junit5\3.0.11\groovy-test-junit5-3.0.11.jar;C:\Users\tester\.m2\repository\org\junit\jupiter\junit-jupiter-api\5.8.2\junit-jupiter-api-5.8.2.jar;C:\Users\tester\.m2\repository\org\opentest4j\opentest4j\1.2.0\opentest4j-1.2.0.jar;C:\Users\tester\.m2\repository\org\junit\platform\junit-platform-launcher\1.8.2\junit-platform-launcher-1.8.2.jar;C:\Users\tester\.m2\repository\org\junit\platform\junit-platform-engine\1.8.2\junit-platform-engine-1.8.2.jar;C:\Users\tester\.m2\repository\org\junit\platform\junit-platform-commons\1.8.2\junit-platform-commons-1.8.2.jar;C:\Users\tester\.m2\repository\org\junit\jupiter\junit-jupiter-engine\5.8.2\junit-jupiter-engine-5.8.2.jar;C:\Users\tester\.m2\repository\org\codehaus\groovy\groovy-testng\3.0.11\groovy-testng-3.0.11.jar;C:\Users\tester\.m2\repository\org\codehaus\groovy\groovy-xml\3.0.11\groovy-xml-3.0.11.jar;C:\Users\tester\.m2\repository\org\apache\cassandra\cassandra-all\4.0.4\cassandra-all-4.0.4.jar;C:\Users\tester\.m2\repository\org\xerial\snappy\snappy-java\1.1.2.6\snappy-java-1.1.2.6.jar;C:\Users\tester\.m2\repository\org\lz4\lz4-java\1.8.0\lz4-java-1.8.0.jar;C:\Users\tester\.m2\repository\com\google\guava\guava\27.0-jre\guava-27.0-jre.jar;C:\Users\tester\.m2\repository\commons-cli\commons-cli\1.1\commons-cli-1.1.jar;C:\Users\tester\.m2\repository\commons-codec\commons-codec\1.9\commons-codec-1.9.jar;C:\Users\tester\.m2\repository\org\apache\commons\commons-lang3\3.11\commons-lang3-3.11.jar;C:\Users\tester\.m2\repository\org\apache\commons\commons-math3\3.2\commons-math3-3.2.jar;C:\Users\tester\.m2\repository\org\antlr\ST4\4.0.8\ST4-4.0.8.jar;C:\Users\tester\.m2\repository\org\antlr\antlr-runtime\3.5.2\antlr-runtime-3.5.2.jar;C:\Users\tester\.m2\repository\org\slf4j\log4j-over-slf4j\1.7.25\log4j-over-slf4j-1.7.25.jar;C:\Users\tester\.m2\repository\org\slf4j\jcl-over-slf4j\1.7.25\jcl-over-slf4j-1.7.25.jar;C:\Users\tester\.m2\repository\com\fasterxml\jackson\core\jackson-core\2.13.2\jackson-core-2.13.2.jar;C:\Users\tester\.m2\repository\com\fasterxml\jackson\core\jackson-databind\2.13.2.2\jackson-databind-2.13.2.2.jar;C:\Users\tester\.m2\repository\com\fasterxml\jackson\core\jackson-annotations\2.13.2\jackson-annotations-2.13.2.jar;C:\Users\tester\.m2\repository\com\googlecode\json-simple\json-simple\1.1\json-simple-1.1.jar;C:\Users\tester\.m2\repository\com\boundary\high-scale-lib\1.0.6\high-scale-lib-1.0.6.jar;C:\Users\tester\.m2\repository\org\yaml\snakeyaml\1.26\snakeyaml-1.26.jar;C:\Users\tester\.m2\repository\org\mindrot\jbcrypt\0.4\jbcrypt-0.4.jar;C:\Users\tester\.m2\repository\io\airlift\airline\0.8\airline-0.8.jar;C:\Users\tester\.m2\repository\io\dropwizard\metrics\metrics-core\3.1.5\metrics-core-3.1.5.jar;C:\Users\tester\.m2\repository\io\dropwizard\metrics\metrics-jvm\3.1.5\metrics-jvm-3.1.5.jar;C:\Users\tester\.m2\repository\io\dropwizard\metrics\metrics-logback\3.1.5\metrics-logback-3.1.5.jar;C:\Users\tester\.m2\repository\com\addthis\metrics\reporter-config3\3.0.3\reporter-config3-3.0.3.jar;C:\Users\tester\.m2\repository\com\addthis\metrics\reporter-config-base\3.0.3\reporter-config-base-3.0.3.jar;C:\Users\tester\.m2\repository\com\clearspring\analytics\stream\2.5.2\stream-2.5.2.jar;C:\Users\tester\.m2\repository\ch\qos\logback\logback-core\1.2.9\logback-core-1.2.9.jar;C:\Users\tester\.m2\repository\ch\qos\logback\logback-classic\1.2.9\logback-classic-1.2.9.jar;C:\Users\tester\.m2\repository\net\java\dev\jna\jna\5.6.0\jna-5.6.0.jar;C:\Users\tester\.m2\repository\com\github\jbellis\jamm\0.3.2\jamm-0.3.2.jar;C:\Users\tester\.m2\repository\io\netty\netty-all\4.1.58.Final\netty-all-4.1.58.Final.jar;C:\Users\tester\.m2\repository\net\openhft\chronicle-queue\5.20.123\chronicle-queue-5.20.123.jar;C:\Users\tester\.m2\repository\net\openhft\chronicle-core\2.20.126\chronicle-core-2.20.126.jar;C:\Users\tester\.m2\repository\net\openhft\chronicle-bytes\2.20.111\chronicle-bytes-2.20.111.jar;C:\Users\tester\.m2\repository\net\openhft\chronicle-wire\2.20.117\chronicle-wire-2.20.117.jar;C:\Users\tester\.m2\repository\net\openhft\chronicle-threads\2.20.111\chronicle-threads-2.20.111.jar;C:\Users\tester\.m2\repository\org\fusesource\sigar\1.6.4\sigar-1.6.4.jar;C:\Users\tester\.m2\repository\org\eclipse\jdt\core\compiler\ecj\4.6.1\ecj-4.6.1.jar;C:\Users\tester\.m2\repository\org\caffinitas\ohc\ohc-core\0.5.1\ohc-core-0.5.1.jar;C:\Users\tester\.m2\repository\org\caffinitas\ohc\ohc-core-j8\0.5.1\ohc-core-j8-0.5.1.jar;C:\Users\tester\.m2\repository\com\github\ben-manes\caffeine\caffeine\2.5.6\caffeine-2.5.6.jar;C:\Users\tester\.m2\repository\org\jctools\jctools-core\3.1.0\jctools-core-3.1.0.jar;C:\Users\tester\.m2\repository\org\ow2\asm\asm\7.1\asm-7.1.jar;C:\Users\tester\.m2\repository\com\carrotsearch\hppc\0.8.1\hppc-0.8.1.jar;C:\Users\tester\.m2\repository\org\gridkit\jvmtool\sjk-cli\0.14\sjk-cli-0.14.jar;C:\Users\tester\.m2\repository\org\gridkit\jvmtool\sjk-core\0.14\sjk-core-0.14.jar;C:\Users\tester\.m2\repository\org\gridkit\jvmtool\sjk-stacktrace\0.14\sjk-stacktrace-0.14.jar;C:\Users\tester\.m2\repository\org\gridkit\jvmtool\mxdump\0.14\mxdump-0.14.jar;C:\Users\tester\.m2\repository\org\gridkit\lab\jvm-attach-api\1.5\jvm-attach-api-1.5.jar;C:\Users\tester\.m2\repository\org\gridkit\jvmtool\sjk-json\0.14\sjk-json-0.14.jar;C:\Users\tester\.m2\repository\com\github\luben\zstd-jni\1.5.0-4\zstd-jni-1.5.0-4.jar;C:\Users\tester\.m2\repository\org\psjava\psjava\0.1.19\psjava-0.1.19.jar;C:\Users\tester\.m2\repository\io\netty\netty-tcnative-boringssl-static\2.0.36.Final\netty-tcnative-boringssl-static-2.0.36.Final.jar;C:\Users\tester\.m2\repository\javax\inject\javax.inject\1\javax.inject-1.jar;C:\Users\tester\.m2\repository\com\google\j2objc\j2objc-annotations\1.3\j2objc-annotations-1.3.jar;C:\Users\tester\.m2\repository\org\hdrhistogram\HdrHistogram\2.1.9\HdrHistogram-2.1.9.jar;C:\Users\tester\.m2\repository\de\jflex\jflex\1.8.2\jflex-1.8.2.jar;C:\Users\tester\.m2\repository\com\github\vbmacher\java-cup-runtime\11b-20160615\java-cup-runtime-11b-20160615.jar;C:\Users\tester\.m2\repository\com\github\rholder\snowball-stemmer\1.3.0.581.1\snowball-stemmer-1.3.0.581.1.jar;C:\Users\tester\.m2\repository\com\googlecode\concurrent-trees\concurrent-trees\2.4.0\concurrent-trees-2.4.0.jar;"/>
    <property name="java.vm.vendor" value="Oracle Corporation"/>
    <property name="sun.arch.data.model" value="64"/>
    <property name="user.variant" value=""/>
    <property name="java.vendor.url" value="https://java.oracle.com/"/>
    <property name="user.timezone" value="Europe/Moscow"/>
    <property name="os.name" value="Windows 11"/>
    <property name="java.vm.specification.version" value="18"/>
    <property name="sun.java.launcher" value="SUN_STANDARD"/>
    <property name="user.country" value="RU"/>
    <property name="sun.boot.library.path" value="C:\Program Files\Java\jdk-18.0.1.1\bin"/>
    <property name="sun.java.command" value="C:\Users\tester\AppData\Local\Temp\surefire13517578549356363795\surefirebooter17323318513215189503.jar C:\Users\tester\AppData\Local\Temp\surefire13517578549356363795 2022-07-01T14-16-38_789-jvmRun1 surefire2891769450979915184tmp surefire_015217054253288153069tmp"/>
    <property name="jdk.debug" value="release"/>
    <property name="surefire.test.class.path" value="C:\Users\tester\IdeaProjects\Modul30Final\target\test-classes;C:\Users\tester\IdeaProjects\Modul30Final\target\classes;C:\Users\tester\.m2\repository\org\testng\testng\7.6.0\testng-7.6.0.jar;C:\Users\tester\.m2\repository\com\google\code\findbugs\jsr305\3.0.2\jsr305-3.0.2.jar;C:\Users\tester\.m2\repository\org\slf4j\slf4j-api\1.7.36\slf4j-api-1.7.36.jar;C:\Users\tester\.m2\repository\com\beust\jcommander\1.82\jcommander-1.82.jar;C:\Users\tester\.m2\repository\org\webjars\jquery\3.6.0\jquery-3.6.0.jar;C:\Users\tester\.m2\repository\org\codehaus\groovy\groovy\3.0.11\groovy-3.0.11.jar;C:\Users\tester\.m2\repository\org\codehaus\groovy\groovy-ant\3.0.11\groovy-ant-3.0.11.jar;C:\Users\tester\.m2\repository\org\apache\ant\ant\1.10.12\ant-1.10.12.jar;C:\Users\tester\.m2\repository\org\apache\ant\ant-junit\1.10.12\ant-junit-1.10.12.jar;C:\Users\tester\.m2\repository\org\apache\ant\ant-launcher\1.10.12\ant-launcher-1.10.12.jar;C:\Users\tester\.m2\repository\org\apache\ant\ant-antlr\1.10.12\ant-antlr-1.10.12.jar;C:\Users\tester\.m2\repository\org\codehaus\groovy\groovy-astbuilder\3.0.11\groovy-astbuilder-3.0.11.jar;C:\Users\tester\.m2\repository\org\codehaus\groovy\groovy-cli-picocli\3.0.11\groovy-cli-picocli-3.0.11.jar;C:\Users\tester\.m2\repository\info\picocli\picocli\4.6.1\picocli-4.6.1.jar;C:\Users\tester\.m2\repository\org\codehaus\groovy\groovy-console\3.0.11\groovy-console-3.0.11.jar;C:\Users\tester\.m2\repository\org\codehaus\groovy\groovy-datetime\3.0.11\groovy-datetime-3.0.11.jar;C:\Users\tester\.m2\repository\org\codehaus\groovy\groovy-docgenerator\3.0.11\groovy-docgenerator-3.0.11.jar;C:\Users\tester\.m2\repository\com\thoughtworks\qdox\qdox\1.12.1\qdox-1.12.1.jar;C:\Users\tester\.m2\repository\org\codehaus\groovy\groovy-groovydoc\3.0.11\groovy-groovydoc-3.0.11.jar;C:\Users\tester\.m2\repository\com\github\javaparser\javaparser-core\3.24.2\javaparser-core-3.24.2.jar;C:\Users\tester\.m2\repository\org\codehaus\groovy\groovy-groovysh\3.0.11\groovy-groovysh-3.0.11.jar;C:\Users\tester\.m2\repository\jline\jline\2.14.6\jline-2.14.6.jar;C:\Users\tester\.m2\repository\org\codehaus\groovy\groovy-jmx\3.0.11\groovy-jmx-3.0.11.jar;C:\Users\tester\.m2\repository\org\codehaus\groovy\groovy-json\3.0.11\groovy-json-3.0.11.jar;C:\Users\tester\.m2\repository\org\codehaus\groovy\groovy-jsr223\3.0.11\groovy-jsr223-3.0.11.jar;C:\Users\tester\.m2\repository\org\codehaus\groovy\groovy-macro\3.0.11\groovy-macro-3.0.11.jar;C:\Users\tester\.m2\repository\org\codehaus\groovy\groovy-nio\3.0.11\groovy-nio-3.0.11.jar;C:\Users\tester\.m2\repository\org\codehaus\groovy\groovy-servlet\3.0.11\groovy-servlet-3.0.11.jar;C:\Users\tester\.m2\repository\org\codehaus\groovy\groovy-sql\3.0.11\groovy-sql-3.0.11.jar;C:\Users\tester\.m2\repository\org\codehaus\groovy\groovy-swing\3.0.11\groovy-swing-3.0.11.jar;C:\Users\tester\.m2\repository\org\codehaus\groovy\groovy-templates\3.0.11\groovy-templates-3.0.11.jar;C:\Users\tester\.m2\repository\org\codehaus\groovy\groovy-test\3.0.11\groovy-test-3.0.11.jar;C:\Users\tester\.m2\repository\junit\junit\4.13.2\junit-4.13.2.jar;C:\Users\tester\.m2\repository\org\hamcrest\hamcrest-core\1.3\hamcrest-core-1.3.jar;C:\Users\tester\.m2\repository\org\codehaus\groovy\groovy-test-junit5\3.0.11\groovy-test-junit5-3.0.11.jar;C:\Users\tester\.m2\repository\org\junit\jupiter\junit-jupiter-api\5.8.2\junit-jupiter-api-5.8.2.jar;C:\Users\tester\.m2\repository\org\opentest4j\opentest4j\1.2.0\opentest4j-1.2.0.jar;C:\Users\tester\.m2\repository\org\junit\platform\junit-platform-launcher\1.8.2\junit-platform-launcher-1.8.2.jar;C:\Users\tester\.m2\repository\org\junit\platform\junit-platform-engine\1.8.2\junit-platform-engine-1.8.2.jar;C:\Users\tester\.m2\repository\org\junit\platform\junit-platform-commons\1.8.2\junit-platform-commons-1.8.2.jar;C:\Users\tester\.m2\repository\org\junit\jupiter\junit-jupiter-engine\5.8.2\junit-jupiter-engine-5.8.2.jar;C:\Users\tester\.m2\repository\org\codehaus\groovy\groovy-testng\3.0.11\groovy-testng-3.0.11.jar;C:\Users\tester\.m2\repository\org\codehaus\groovy\groovy-xml\3.0.11\groovy-xml-3.0.11.jar;C:\Users\tester\.m2\repository\org\apache\cassandra\cassandra-all\4.0.4\cassandra-all-4.0.4.jar;C:\Users\tester\.m2\repository\org\xerial\snappy\snappy-java\1.1.2.6\snappy-java-1.1.2.6.jar;C:\Users\tester\.m2\repository\org\lz4\lz4-java\1.8.0\lz4-java-1.8.0.jar;C:\Users\tester\.m2\repository\com\google\guava\guava\27.0-jre\guava-27.0-jre.jar;C:\Users\tester\.m2\repository\commons-cli\commons-cli\1.1\commons-cli-1.1.jar;C:\Users\tester\.m2\repository\commons-codec\commons-codec\1.9\commons-codec-1.9.jar;C:\Users\tester\.m2\repository\org\apache\commons\commons-lang3\3.11\commons-lang3-3.11.jar;C:\Users\tester\.m2\repository\org\apache\commons\commons-math3\3.2\commons-math3-3.2.jar;C:\Users\tester\.m2\repository\org\antlr\ST4\4.0.8\ST4-4.0.8.jar;C:\Users\tester\.m2\repository\org\antlr\antlr-runtime\3.5.2\antlr-runtime-3.5.2.jar;C:\Users\tester\.m2\repository\org\slf4j\log4j-over-slf4j\1.7.25\log4j-over-slf4j-1.7.25.jar;C:\Users\tester\.m2\repository\org\slf4j\jcl-over-slf4j\1.7.25\jcl-over-slf4j-1.7.25.jar;C:\Users\tester\.m2\repository\com\fasterxml\jackson\core\jackson-core\2.13.2\jackson-core-2.13.2.jar;C:\Users\tester\.m2\repository\com\fasterxml\jackson\core\jackson-databind\2.13.2.2\jackson-databind-2.13.2.2.jar;C:\Users\tester\.m2\repository\com\fasterxml\jackson\core\jackson-annotations\2.13.2\jackson-annotations-2.13.2.jar;C:\Users\tester\.m2\repository\com\googlecode\json-simple\json-simple\1.1\json-simple-1.1.jar;C:\Users\tester\.m2\repository\com\boundary\high-scale-lib\1.0.6\high-scale-lib-1.0.6.jar;C:\Users\tester\.m2\repository\org\yaml\snakeyaml\1.26\snakeyaml-1.26.jar;C:\Users\tester\.m2\repository\org\mindrot\jbcrypt\0.4\jbcrypt-0.4.jar;C:\Users\tester\.m2\repository\io\airlift\airline\0.8\airline-0.8.jar;C:\Users\tester\.m2\repository\io\dropwizard\metrics\metrics-core\3.1.5\metrics-core-3.1.5.jar;C:\Users\tester\.m2\repository\io\dropwizard\metrics\metrics-jvm\3.1.5\metrics-jvm-3.1.5.jar;C:\Users\tester\.m2\repository\io\dropwizard\metrics\metrics-logback\3.1.5\metrics-logback-3.1.5.jar;C:\Users\tester\.m2\repository\com\addthis\metrics\reporter-config3\3.0.3\reporter-config3-3.0.3.jar;C:\Users\tester\.m2\repository\com\addthis\metrics\reporter-config-base\3.0.3\reporter-config-base-3.0.3.jar;C:\Users\tester\.m2\repository\com\clearspring\analytics\stream\2.5.2\stream-2.5.2.jar;C:\Users\tester\.m2\repository\ch\qos\logback\logback-core\1.2.9\logback-core-1.2.9.jar;C:\Users\tester\.m2\repository\ch\qos\logback\logback-classic\1.2.9\logback-classic-1.2.9.jar;C:\Users\tester\.m2\repository\net\java\dev\jna\jna\5.6.0\jna-5.6.0.jar;C:\Users\tester\.m2\repository\com\github\jbellis\jamm\0.3.2\jamm-0.3.2.jar;C:\Users\tester\.m2\repository\io\netty\netty-all\4.1.58.Final\netty-all-4.1.58.Final.jar;C:\Users\tester\.m2\repository\net\openhft\chronicle-queue\5.20.123\chronicle-queue-5.20.123.jar;C:\Users\tester\.m2\repository\net\openhft\chronicle-core\2.20.126\chronicle-core-2.20.126.jar;C:\Users\tester\.m2\repository\net\openhft\chronicle-bytes\2.20.111\chronicle-bytes-2.20.111.jar;C:\Users\tester\.m2\repository\net\openhft\chronicle-wire\2.20.117\chronicle-wire-2.20.117.jar;C:\Users\tester\.m2\repository\net\openhft\chronicle-threads\2.20.111\chronicle-threads-2.20.111.jar;C:\Users\tester\.m2\repository\org\fusesource\sigar\1.6.4\sigar-1.6.4.jar;C:\Users\tester\.m2\repository\org\eclipse\jdt\core\compiler\ecj\4.6.1\ecj-4.6.1.jar;C:\Users\tester\.m2\repository\org\caffinitas\ohc\ohc-core\0.5.1\ohc-core-0.5.1.jar;C:\Users\tester\.m2\repository\org\caffinitas\ohc\ohc-core-j8\0.5.1\ohc-core-j8-0.5.1.jar;C:\Users\tester\.m2\repository\com\github\ben-manes\caffeine\caffeine\2.5.6\caffeine-2.5.6.jar;C:\Users\tester\.m2\repository\org\jctools\jctools-core\3.1.0\jctools-core-3.1.0.jar;C:\Users\tester\.m2\repository\org\ow2\asm\asm\7.1\asm-7.1.jar;C:\Users\tester\.m2\repository\com\carrotsearch\hppc\0.8.1\hppc-0.8.1.jar;C:\Users\tester\.m2\repository\org\gridkit\jvmtool\sjk-cli\0.14\sjk-cli-0.14.jar;C:\Users\tester\.m2\repository\org\gridkit\jvmtool\sjk-core\0.14\sjk-core-0.14.jar;C:\Users\tester\.m2\repository\org\gridkit\jvmtool\sjk-stacktrace\0.14\sjk-stacktrace-0.14.jar;C:\Users\tester\.m2\repository\org\gridkit\jvmtool\mxdump\0.14\mxdump-0.14.jar;C:\Users\tester\.m2\repository\org\gridkit\lab\jvm-attach-api\1.5\jvm-attach-api-1.5.jar;C:\Users\tester\.m2\repository\org\gridkit\jvmtool\sjk-json\0.14\sjk-json-0.14.jar;C:\Users\tester\.m2\repository\com\github\luben\zstd-jni\1.5.0-4\zstd-jni-1.5.0-4.jar;C:\Users\tester\.m2\repository\org\psjava\psjava\0.1.19\psjava-0.1.19.jar;C:\Users\tester\.m2\repository\io\netty\netty-tcnative-boringssl-static\2.0.36.Final\netty-tcnative-boringssl-static-2.0.36.Final.jar;C:\Users\tester\.m2\repository\javax\inject\javax.inject\1\javax.inject-1.jar;C:\Users\tester\.m2\repository\com\google\j2objc\j2objc-annotations\1.3\j2objc-annotations-1.3.jar;C:\Users\tester\.m2\repository\org\hdrhistogram\HdrHistogram\2.1.9\HdrHistogram-2.1.9.jar;C:\Users\tester\.m2\repository\de\jflex\jflex\1.8.2\jflex-1.8.2.jar;C:\Users\tester\.m2\repository\com\github\vbmacher\java-cup-runtime\11b-20160615\java-cup-runtime-11b-20160615.jar;C:\Users\tester\.m2\repository\com\github\rholder\snowball-stemmer\1.3.0.581.1\snowball-stemmer-1.3.0.581.1.jar;C:\Users\tester\.m2\repository\com\googlecode\concurrent-trees\concurrent-trees\2.4.0\concurrent-trees-2.4.0.jar;"/>
    <property name="sun.cpu.endian" value="little"/>
    <property name="user.home" value="C:\Users\tester"/>
    <property name="user.language" value="ru"/>
    <property name="java.specification.vendor" value="Oracle Corporation"/>
    <property name="java.version.date" value="2022-04-22"/>
    <property name="java.home" value="C:\Program Files\Java\jdk-18.0.1.1"/>
    <property name="file.separator" value="\"/>
    <property name="basedir" value="C:\Users\tester\IdeaProjects\Modul30Final"/>
    <property name="java.vm.compressedOopsMode" value="Zero based"/>
    <property name="line.separator" value="&#10;"/>
    <property name="java.vm.specification.vendor" value="Oracle Corporation"/>
    <property name="java.specification.name" value="Java Platform API Specification"/>
    <property name="surefire.real.class.path" value="C:\Users\tester\AppData\Local\Temp\surefire13517578549356363795\surefirebooter17323318513215189503.jar"/>
    <property name="user.script" value=""/>
    <property name="sun.management.compiler" value="HotSpot 64-Bit Tiered Compilers"/>
    <property name="java.runtime.version" value="18.0.1.1+2-6"/>
    <property name="user.name" value="tester"/>
    <property name="path.separator" value=";"/>
    <property name="os.version" value="10.0"/>
    <property name="java.runtime.name" value="Java(TM) SE Runtime Environment"/>
    <property name="file.encoding" value="UTF-8"/>
    <property name="java.vm.name" value="Java HotSpot(TM) 64-Bit Server VM"/>
    <property name="localRepository" value="C:\Users\tester\.m2\repository"/>
    <property name="java.vendor.url.bug" value="https://bugreport.java.com/bugreport/"/>
    <property name="java.io.tmpdir" value="C:\Users\tester\AppData\Local\Temp\"/>
    <property name="java.version" value="18.0.1.1"/>
    <property name="user.dir" value="C:\Users\tester\IdeaProjects\Modul30Final"/>
    <property name="os.arch" value="amd64"/>
    <property name="java.vm.specification.name" value="Java Virtual Machine Specification"/>
    <property name="sun.os.patch.level" value=""/>
    <property name="native.encoding" value="Cp1251"/>
    <property name="java.library.path" value="C:\Program Files\Java\jdk-18.0.1.1\bin;C:\WINDOWS\Sun\Java\bin;C:\WINDOWS\system32;C:\WINDOWS;C:\WINDOWS\system32;C:\WINDOWS;C:\WINDOWS\System32\Wbem;C:\WINDOWS\System32\WindowsPowerShell\v1.0\;C:\WINDOWS\System32\OpenSSH\;C:\Program Files\Git\cmd;C:\Program Files\Java\jdk-18.0.1.1\bin\bin;C:\Program Files\Java\jdk-18.0.1.1\bin;%MAVEN_HOME%\bin;C:\opt\apache-maven-3.6.3\bin;C:\Users\tester\AppData\Local\Microsoft\WindowsApps;M:\Users\tester\AppData\Local\Programs\Microsoft VS Code\bin;C:\Program Files\JetBrains\IntelliJ IDEA Educational Edition 2022.1.1\bin;;C:\opt\apache-maven-3.6.3\bin;;."/>
    <property name="java.vm.info" value="mixed mode, sharing"/>
    <property name="java.vendor" value="Oracle Corporation"/>
    <property name="java.vm.version" value="18.0.1.1+2-6"/>
    <property name="sun.io.unicode.encoding" value="UnicodeLittle"/>
    <property name="java.class.version" value="62.0"/>
  </properties>
  <testcase name="isTeenagerTest" classname="PersonTest" time="0.026">
    <failure message="expected:&lt;true&gt; but was:&lt;false&gt;" type="java.lang.AssertionError"><![CDATA[java.lang.AssertionError: expected:<true> but was:<false>
	at PersonTest.isTeenagerTest(PersonTest.java:26)
]]></failure>
    <system-out><![CDATA[14:16:40.434 [main] DEBUG org.testng.internal.Graph - [Graph] ADDING NODE PersonTest.isTeenagerTest(int,boolean)[pri:0, instance:PersonTest@31368b99] -754004724
14:16:40.439 [main] DEBUG org.testng.internal.Graph - [Graph] ================ SORTING
14:16:40.443 [main] DEBUG org.testng.internal.Graph - [Graph] =============== DONE SORTING
14:16:40.443 [main] DEBUG org.testng.internal.Graph - [Graph] ====== SORTED NODES
14:16:40.443 [main] DEBUG org.testng.internal.Graph - [Graph] ====== END SORTED NODES
]]></system-out>
  </testcase>
  <testcase name="isTeenagerTest" classname="PersonTest" time="0.001">
    <failure message="expected:&lt;true&gt; but was:&lt;false&gt;" type="java.lang.AssertionError"><![CDATA[java.lang.AssertionError: expected:<true> but was:<false>
	at PersonTest.isTeenagerTest(PersonTest.java:26)
]]></failure>
  </testcase>
  <testcase name="isTeenagerTest" classname="PersonTest" time="0"/>
  <testcase name="isTeenagerTest" classname="PersonTest" time="0.001"/>
  <testcase name="isTeenagerTest" classname="PersonTest" time="0.001">
    <failure message="expected:&lt;false&gt; but was:&lt;true&gt;" type="java.lang.AssertionError"><![CDATA[java.lang.AssertionError: expected:<false> but was:<true>
	at PersonTest.isTeenagerTest(PersonTest.java:26)
]]></failure>
  </testcase>
  <testcase name="isTeenagerTest" classname="PersonTest" time="0"/>
</testsuite>